2025-06-05 00:08:14.881831 INFO::Starting the NBA Postseason Pipeline...
2025-06-05 00:09:30.070251 INFO::Pipeline finished successfully!
2025-06-05 00:10:06.776027 INFO::Starting the NBA Postseason Pipeline...
2025-06-05 00:10:06.786434 ERROR::Error occurred in pipeline: cannot open the connection
2025-06-05 00:10:45.305236 INFO::Starting the NBA Postseason Pipeline...
2025-06-05 00:10:45.316364 ERROR::Error occurred in pipeline: cannot open the connection
2025-06-05 00:13:12.533699 INFO::Starting the NBA Postseason Pipeline...
2025-06-05 00:13:12.540841 ERROR::Error occurred in pipeline: cannot open the connection
2025-06-05 00:13:13.959099 INFO::Starting the NBA Postseason Pipeline...
2025-06-05 00:13:13.965384 ERROR::Error occurred in pipeline: cannot open the connection
2025-06-05 00:31:36.786199 INFO::Starting the NBA Postseason Pipeline...
2025-06-05 00:32:51.305339 INFO::Pipeline finished successfully!
2025-06-05 00:44:18.465127 INFO::Starting the NBA Postseason Pipeline...
2025-06-05 00:45:33.124894 INFO::Pipeline finished successfully!
2025-06-05 00:51:49.499747 INFO::Starting the NBA Postseason Pipeline...
2025-06-05 00:53:04.158843 INFO::Pipeline finished successfully!
2025-06-05 01:02:34.894387 INFO::Starting the NBA Postseason Pipeline...
2025-06-05 01:03:48.480265 INFO::Pipeline finished successfully!
2025-06-05 01:29:27.888437 INFO::Starting the NBA Postseason Pipeline...
2025-06-05 01:29:27.904883 ERROR::Error occurred in pipeline: cannot open the connection
2025-06-05 01:31:42.44173 INFO::Starting the NBA Postseason Pipeline...
2025-06-05 01:31:42.459397 ERROR::Error occurred in pipeline: cannot open the connection
2025-06-05 01:32:09.856984 INFO::Starting the NBA Postseason Pipeline...
2025-06-05 01:33:24.320031 INFO::Pipeline finished successfully!
2025-06-06 15:31:58.827515 INFO::Starting the NBA Postseason Pipeline...
2025-06-06 15:32:01.429222 ERROR::Error occurred in pipeline: could not find function "generate_postseason_h2h_rolling"
2025-06-06 15:41:51.815552 INFO::Starting the NBA Postseason Pipeline...
2025-06-06 15:43:07.497461 ERROR::Error occurred in pipeline: could not find function "generate_postseason_features"
2025-06-06 15:46:33.108186 INFO::Starting the NBA Postseason Pipeline...
2025-06-06 15:47:50.957938 INFO::Pipeline finished successfully!
2025-06-06 18:09:33.481385 INFO::Starting the NBA Postseason Pipeline...
2025-06-06 18:09:33.492332 ERROR::Error occurred in pipeline: cannot open the connection
2025-06-06 18:10:08.064085 INFO::Starting the NBA Postseason Pipeline...
2025-06-06 18:10:08.081436 ERROR::Error occurred in pipeline: cannot open the connection
2025-06-06 18:12:09.256958 INFO::Starting the NBA Postseason Pipeline...
2025-06-06 18:13:26.290941 INFO::Pipeline finished successfully!
2025-06-06 20:28:00.156788 INFO::Starting the NBA Postseason Pipeline...
2025-06-06 20:29:17.451413 INFO::Pipeline finished successfully!
2025-06-06 20:32:50.86897 INFO::Starting the NBA Postseason Pipeline...
2025-06-06 20:34:07.922131 INFO::Pipeline finished successfully!
2025-06-06 20:38:30.273892 INFO::Starting the NBA Postseason Pipeline...
2025-06-06 20:38:30.289695 ERROR::Error occurred in pipeline: cannot open the connection
2025-06-06 20:40:36.17391 INFO::Starting the NBA Postseason Pipeline...
2025-06-06 20:41:53.818239 INFO::Pipeline finished successfully!
2025-06-08 19:08:45.126702 INFO::Starting the NBA Postseason Pipeline...
2025-06-08 19:10:01.433825 INFO::Pipeline finished successfully!
2025-06-08 19:33:26.032848 INFO::Starting the NBA Postseason Pipeline...
2025-06-08 19:34:42.525411 INFO::Pipeline finished successfully!
2025-06-08 19:43:33.61864 INFO::Starting the NBA Postseason Pipeline...
2025-06-08 19:44:51.115558 INFO::Pipeline finished successfully!
2025-06-08 20:41:21.046164 INFO::Starting the NBA Postseason Pipeline...
2025-06-08 20:42:40.824912 INFO::Pipeline finished successfully!
2025-06-08 21:17:09.487511 INFO::Starting the NBA Postseason Pipeline...
2025-06-08 21:18:26.053022 INFO::Pipeline finished successfully!
2025-06-08 21:37:19.862775 INFO::Starting the NBA Postseason Pipeline...
2025-06-08 21:38:36.81111 INFO::Pipeline finished successfully!
2025-06-08 21:59:38.844868 INFO::Starting the NBA Postseason Pipeline...
2025-06-08 22:00:59.654315 INFO::Pipeline finished successfully!
2025-06-08 22:06:40.439932 INFO::Starting the NBA Postseason Pipeline...
2025-06-08 22:08:01.362282 INFO::Pipeline finished successfully!
2025-06-08 23:57:40.968816 INFO::Starting the NBA Postseason Pipeline...
2025-06-08 23:58:57.203427 ERROR::Error occurred in pipeline: could not find function "generate_conference_map"
2025-06-09 00:01:35.80224 INFO::Starting the NBA Postseason Pipeline...
2025-06-09 00:02:52.123789 ERROR::Error occurred in pipeline: could not find function "generate_conference_map"
2025-06-09 00:06:22.193296 INFO::Starting the NBA Postseason Pipeline...
2025-06-09 00:07:38.429302 ERROR::Error occurred in pipeline: In argument: `last_PS_strength_of_schedule = mean(strength_of_schedule, na.rm = TRUE)`.
2025-06-09 00:13:48.766253 INFO::Starting the NBA Postseason Pipeline...
2025-06-09 00:15:03.039024 ERROR::Error occurred in pipeline: In argument: `last_PS_strength_of_schedule = mean(coalesce(strength_of_schedule, 0), na.rm = TRUE)`.
2025-06-09 00:37:38.15151 INFO::Starting the NBA Postseason Pipeline...
2025-06-09 00:38:51.481533 ERROR::Error occurred in pipeline: In argument: `strength_of_schedule = coalesce(strength_of_schedule, 0)`.
2025-06-09 00:40:15.79271 INFO::Starting the NBA Postseason Pipeline...
2025-06-09 00:41:30.040586 ERROR::Error occurred in pipeline: In argument: `strength_of_schedule = coalesce(strength_of_schedule, 0)`.
2025-06-09 01:00:53.030436 INFO::Starting the NBA Postseason Pipeline...
2025-06-09 01:02:06.390218 ERROR::Error occurred in pipeline: In argument: `strength_of_schedule = coalesce(strength_of_schedule, 0)`.
2025-06-09 01:04:43.683004 INFO::Starting the NBA Postseason Pipeline...
2025-06-09 01:05:58.024375 INFO::Pipeline finished successfully!
2025-06-09 01:21:02.194163 INFO::Starting the NBA Postseason Pipeline...
2025-06-09 01:22:16.32864 ERROR::Error occurred in pipeline: could not find function "get_conference_data"
2025-06-09 01:25:12.558788 INFO::Starting the NBA Postseason Pipeline...
2025-06-09 01:26:26.916747 ERROR::Error occurred in pipeline: In argument: `last_PS_point_differential = sum(points) - sum(opp_points)`.
2025-06-09 01:27:26.503883 INFO::Starting the NBA Postseason Pipeline...
2025-06-09 01:28:40.117121 ERROR::Error occurred in pipeline: In argument: `last_PS_point_differential = sum(points, na.rm = TRUE) - sum(opp_points, na.rm = TRUE)`.
2025-06-09 01:35:42.334606 INFO::Starting the NBA Postseason Pipeline...
2025-06-09 01:36:56.44497 ERROR::Error occurred in pipeline: In argument: `last_PS_clutch_wins = sum(off_win[close_game == TRUE], na.rm = TRUE)`.
2025-06-09 01:38:44.043578 INFO::Starting the NBA Postseason Pipeline...
2025-06-09 01:39:58.299587 ERROR::Error occurred in pipeline: In argument: `last_PS_seed = ifelse(all(is.na(seed)), NA, min(seed, na.rm = TRUE))`.
2025-06-09 14:30:00.644676 INFO::Starting the NBA Postseason Pipeline...
2025-06-09 14:31:15.095725 INFO::Pipeline finished successfully!
2025-06-09 14:44:45.654738 INFO::Starting the NBA Postseason Pipeline...
2025-06-09 14:46:00.035428 ERROR::Error occurred in pipeline: unused argument (standardized_postseason_matchup_data = standardized_postseason_matchup_data)
2025-06-09 14:47:22.892788 INFO::Starting the NBA Postseason Pipeline...
2025-06-09 14:48:37.703295 INFO::Pipeline finished successfully!
2025-06-17 22:11:01.097876 INFO::Starting the NBA Postseason Pipeline...
2025-06-17 22:12:18.26036 INFO::Pipeline finished successfully!
2025-06-17 22:35:15.468363 INFO::Starting the NBA Postseason Pipeline...
2025-06-17 22:36:30.742321 INFO::Pipeline finished successfully!
2025-06-17 23:17:06.256142 INFO::Starting the NBA Postseason Pipeline...
2025-06-17 23:18:22.488385 INFO::Pipeline finished successfully!
2025-06-17 23:19:27.757584 INFO::Starting the NBA Postseason Pipeline...
2025-06-17 23:20:44.698614 INFO::Pipeline finished successfully!
2025-06-17 23:22:53.783841 INFO::Starting the NBA Postseason Pipeline...
2025-06-17 23:24:09.726253 INFO::Pipeline finished successfully!
